<?xml version="1.0" encoding="UTF-8"?>
<!-- Generated by org.testng.reporters.JUnitXMLReporter -->
<testsuite hostname="Saurabh-PC" name="Tests [platformSettingPublicClose, platformSettingPublicOpen, simpleProfile, detailedProfile]" tests="2" failures="1" timestamp="21 Dec 2016 14:00:03 GMT" time="186.299" errors="0">
  <testcase name="@AfterMethod afterMethod" time="0.0" classname="com.test.SuperAdminTest">
    <failure type="java.io.FileNotFoundException" message=".\src\main\resources\Automation Test Execution Sheet.xlsm (The process cannot access the file because it is being used by another process)">
      <![CDATA[java.io.FileNotFoundException: .\src\main\resources\Automation Test Execution Sheet.xlsm (The process cannot access the file because it is being used by another process)
	at java.io.FileOutputStream.open(Native Method)
	at java.io.FileOutputStream.<init>(Unknown Source)
	at java.io.FileOutputStream.<init>(Unknown Source)
	at com.ideator.common.WorkBookRead.writeSheetTDD(WorkBookRead.java:40)
	at com.ideator.util.PageClass.teardown(PageClass.java:159)
	at com.test.SuperAdminTest.afterMethod(SuperAdminTest.java:315)
	at com.test.Ideator_Start.testNgRun(Ideator_Start.java:43)
	at com.test.Ideator_Start.main(Ideator_Start.java:104)
... Removed 23 stack frames]]>
    </failure>
  </testcase> <!-- @AfterMethod afterMethod -->
  <testcase name="@BeforeMethod beforeMethod" time="0.0" classname="com.test.SuperAdminTest">
    <skipped/>
  </testcase> <!-- @BeforeMethod beforeMethod -->
  <testcase name="@AfterMethod afterMethod" time="0.0" classname="com.test.SuperAdminTest">
    <skipped/>
  </testcase> <!-- @AfterMethod afterMethod -->
  <testcase name="@AfterClass afterClass" time="0.0" classname="com.test.SuperAdminTest">
    <skipped/>
  </testcase> <!-- @AfterClass afterClass -->
  <testcase name="CommunitySwitcher" time="20.217" classname="com.test.SuperAdminTest">
    <failure type="java.lang.NullPointerException">
      <![CDATA[java.lang.NullPointerException
	at com.ideator.page.superadmin.SuperAdminLoginPage.getAcceptanceUrl(SuperAdminLoginPage.java:72)
	at com.test.SuperAdminTest.CommunitySwitcher(SuperAdminTest.java:56)
	at com.test.Ideator_Start.testNgRun(Ideator_Start.java:43)
	at com.test.Ideator_Start.main(Ideator_Start.java:104)
... Removed 21 stack frames]]>
    </failure>
  </testcase> <!-- CommunitySwitcher -->
  <testcase name="platformSettingPrivate" time="0.0" classname="com.test.SuperAdminTest">
    <skipped/>
  </testcase> <!-- platformSettingPrivate -->
</testsuite> <!-- Tests [platformSettingPublicClose, platformSettingPublicOpen, simpleProfile, detailedProfile] -->
