<?xml version="1.0" encoding="UTF-8"?>
<!-- Generated by org.testng.reporters.JUnitXMLReporter -->
<testsuite hostname="sourabhdh-w7" name="Tests [create_edit_Resource]" tests="1" failures="1" timestamp="16 Dec 2016 09:07:49 GMT" time="242.895" errors="0">
  <testcase name="@AfterMethod afterMethod" time="0.0" classname="com.test.AdminTest">
    <failure type="java.io.FileNotFoundException" message=".\src\main\resources\Automation Test Execution Sheet.xlsm (The process cannot access the file because it is being used by another process)">
      <![CDATA[java.io.FileNotFoundException: .\src\main\resources\Automation Test Execution Sheet.xlsm (The process cannot access the file because it is being used by another process)
	at java.io.FileOutputStream.open0(Native Method)
	at java.io.FileOutputStream.open(Unknown Source)
	at java.io.FileOutputStream.<init>(Unknown Source)
	at java.io.FileOutputStream.<init>(Unknown Source)
	at com.ideator.common.WorkBookRead.writeSheetTDD(WorkBookRead.java:40)
	at com.ideator.util.PageClass.teardown(PageClass.java:148)
	at com.test.AdminTest.afterMethod(AdminTest.java:177)
	at com.test.Ideator_Start.testNgRun(Ideator_Start.java:41)
	at com.test.Ideator_Start.main(Ideator_Start.java:100)
... Removed 23 stack frames]]>
    </failure>
  </testcase> <!-- @AfterMethod afterMethod -->
  <testcase name="@AfterClass afterClass" time="0.0" classname="com.test.AdminTest">
    <skipped/>
  </testcase> <!-- @AfterClass afterClass -->
  <testcase name="create_edit_Resource" time="52.167" classname="com.test.AdminTest">
    <failure type="java.lang.AssertionError" message="expected [Selenium Test Resource Edited] but found [Selenium Test Resource]">
      <![CDATA[java.lang.AssertionError: expected [Selenium Test Resource Edited] but found [Selenium Test Resource]
	at com.test.AdminTest.create_edit_Resource(AdminTest.java:138)
	at com.test.Ideator_Start.testNgRun(Ideator_Start.java:41)
	at com.test.Ideator_Start.main(Ideator_Start.java:100)
... Removed 26 stack frames]]>
    </failure>
  </testcase> <!-- create_edit_Resource -->
</testsuite> <!-- Tests [create_edit_Resource] -->
