<?xml version="1.0" encoding="UTF-8"?>
<!-- Generated by org.testng.reporters.JUnitXMLReporter -->
<testsuite hostname="Saurabh-PC" name="Tests [checkCommunitySwitcher, clickPrivateMessage]" tests="2" failures="1" timestamp="21 Dec 2016 14:48:48 GMT" time="222.147" errors="0">
  <testcase name="signOut" time="8.103" classname="com.test.PublicUser"/>
  <testcase name="editMyProfile" time="41.327" classname="com.test.PublicUser">
    <failure type="java.lang.AssertionError" message="expected [true] but found [false]">
      <![CDATA[java.lang.AssertionError: expected [true] but found [false]
	at com.test.PublicUser.editMyProfile(PublicUser.java:85)
	at com.test.Ideator_Start.testNgRun(Ideator_Start.java:43)
	at com.test.Ideator_Start.main(Ideator_Start.java:104)
... Removed 25 stack frames]]>
    </failure>
  </testcase> <!-- editMyProfile -->
</testsuite> <!-- Tests [checkCommunitySwitcher, clickPrivateMessage] -->
