<?xml version="1.0" encoding="UTF-8"?>
<!-- Generated by org.testng.reporters.JUnitXMLReporter -->
<testsuite hostname="sourabhdh-w7" name="Tests editUserGroup" tests="1" failures="1" timestamp="13 Dec 2016 15:59:12 GMT" time="34.59" errors="0">
  <testcase name="@AfterMethod afterMethod" time="0.0" classname="com.test.AdminTest">
    <failure type="java.lang.NullPointerException">
      <![CDATA[java.lang.NullPointerException
	at com.ideator.util.PageClass.teardown(PageClass.java:147)
	at com.test.AdminTest.afterMethod(AdminTest.java:125)
	at com.test.Ideator_Start.testNgRun(Ideator_Start.java:43)
	at com.test.Ideator_Start.main(Ideator_Start.java:99)
... Removed 23 stack frames]]>
    </failure>
  </testcase> <!-- @AfterMethod afterMethod -->
  <testcase name="@AfterClass afterClass" time="0.0" classname="com.test.AdminTest">
    <skipped/>
  </testcase> <!-- @AfterClass afterClass -->
  <testcase name="editUserGroup" time="0.0" classname="com.test.AdminTest">
    <failure type="java.lang.NullPointerException">
      <![CDATA[java.lang.NullPointerException
	at com.test.AdminTest.editUserGroup(AdminTest.java:97)
	at com.test.Ideator_Start.testNgRun(Ideator_Start.java:43)
	at com.test.Ideator_Start.main(Ideator_Start.java:99)
... Removed 21 stack frames]]>
    </failure>
  </testcase> <!-- editUserGroup -->
</testsuite> <!-- Tests editUserGroup -->
