<?xml version="1.0" encoding="UTF-8"?>
<!-- Generated by org.testng.reporters.JUnitXMLReporter -->
<testsuite hostname="sourabhdh-w7" name="Tests com.test.AdminTest" tests="8" failures="0" timestamp="15 Feb 2017 13:24:31 GMT" time="266.363" errors="0">
  <testcase name="addAdminRole" time="47.176" classname="com.test.AdminTest"/>
  <testcase name="removeAdminRole" time="40.126" classname="com.test.AdminTest"/>
  <testcase name="createGroup" time="7.112" classname="com.test.AdminTest"/>
  <testcase name="addUserToGroup" time="10.323" classname="com.test.AdminTest"/>
  <testcase name="editUserGroup" time="4.346" classname="com.test.AdminTest"/>
  <testcase name="deleteGroup" time="14.322" classname="com.test.AdminTest"/>
  <testcase name="create_edit_Resource" time="18.184" classname="com.test.AdminTest"/>
  <testcase name="createResourceCategory" time="15.432" classname="com.test.AdminTest"/>
</testsuite> <!-- Tests com.test.AdminTest -->
