<?xml version="1.0" encoding="UTF-8"?>
<!-- Generated by org.testng.reporters.JUnitXMLReporter -->
<testsuite hostname="Saurabh-PC" name="Tests [signOut, clickPrivateMessage, editMyProfile]" tests="3" failures="0" timestamp="21 Dec 2016 05:33:31 GMT" time="81.607" errors="0">
  <testcase name="@AfterMethod afterMethod" time="0.0" classname="com.test.PublicUser">
    <failure type="java.io.FileNotFoundException" message=".\src\main\resources\Automation Test Execution Sheet.xlsm (The process cannot access the file because it is being used by another process)">
      <![CDATA[java.io.FileNotFoundException: .\src\main\resources\Automation Test Execution Sheet.xlsm (The process cannot access the file because it is being used by another process)
	at java.io.FileOutputStream.open(Native Method)
	at java.io.FileOutputStream.<init>(Unknown Source)
	at java.io.FileOutputStream.<init>(Unknown Source)
	at com.ideator.common.WorkBookRead.writeSheetTDD(WorkBookRead.java:40)
	at com.ideator.util.PageClass.teardown(PageClass.java:168)
	at com.test.PublicUser.afterMethod(PublicUser.java:94)
	at com.test.Ideator_Start.testNgRun(Ideator_Start.java:43)
	at com.test.Ideator_Start.main(Ideator_Start.java:104)
... Removed 23 stack frames]]>
    </failure>
  </testcase> <!-- @AfterMethod afterMethod -->
  <testcase name="@BeforeMethod beforeMethod" time="0.0" classname="com.test.PublicUser">
    <skipped/>
  </testcase> <!-- @BeforeMethod beforeMethod -->
  <testcase name="@AfterMethod afterMethod" time="0.0" classname="com.test.PublicUser">
    <skipped/>
  </testcase> <!-- @AfterMethod afterMethod -->
  <testcase name="@BeforeMethod beforeMethod" time="0.0" classname="com.test.PublicUser">
    <skipped/>
  </testcase> <!-- @BeforeMethod beforeMethod -->
  <testcase name="@AfterMethod afterMethod" time="0.0" classname="com.test.PublicUser">
    <skipped/>
  </testcase> <!-- @AfterMethod afterMethod -->
  <testcase name="@AfterClass afterClass" time="0.0" classname="com.test.PublicUser">
    <skipped/>
  </testcase> <!-- @AfterClass afterClass -->
  <testcase name="signOut" time="4.646" classname="com.test.PublicUser"/>
  <testcase name="clickPrivateMessage" time="0.0" classname="com.test.PublicUser">
    <skipped/>
  </testcase> <!-- clickPrivateMessage -->
  <testcase name="editMyProfile" time="0.0" classname="com.test.PublicUser">
    <skipped/>
  </testcase> <!-- editMyProfile -->
</testsuite> <!-- Tests [signOut, clickPrivateMessage, editMyProfile] -->
