<?xml version="1.0" encoding="UTF-8"?>
<!-- Generated by org.testng.reporters.JUnitXMLReporter -->
<testsuite hostname="sourabhdh-w7" name="Tests [editUserGroup, deleteGroup]" tests="6" failures="0" timestamp="15 Feb 2017 13:18:15 GMT" time="224.602" errors="0">
  <testcase name="addAdminRole" time="46.585" classname="com.test.AdminTest"/>
  <testcase name="removeAdminRole" time="34.848" classname="com.test.AdminTest"/>
  <testcase name="createGroup" time="7.959" classname="com.test.AdminTest"/>
  <testcase name="addUserToGroup" time="12.102" classname="com.test.AdminTest"/>
  <testcase name="create_edit_Resource" time="20.746" classname="com.test.AdminTest"/>
  <testcase name="createResourceCategory" time="7.737" classname="com.test.AdminTest"/>
</testsuite> <!-- Tests [editUserGroup, deleteGroup] -->
