<?xml version="1.0" encoding="UTF-8"?>
<!-- Generated by org.testng.reporters.JUnitXMLReporter -->
<testsuite hostname="Saurabh-PC" name="Tests [simpleProfile, detailedProfile]" tests="2" failures="0" timestamp="21 Dec 2016 05:21:37 GMT" time="111.638" errors="0">
  <testcase name="@BeforeMethod beforeMethod" time="0.0" classname="com.test.SuperAdminTest">
    <failure type="java.lang.NullPointerException">
      <![CDATA[java.lang.NullPointerException
	at org.openqa.selenium.support.pagefactory.DefaultElementLocator.findElement(DefaultElementLocator.java:69)
	at org.openqa.selenium.support.pagefactory.internal.LocatingElementHandler.invoke(LocatingElementHandler.java:38)
	at com.sun.proxy.$Proxy9.isDisplayed(Unknown Source)
	at com.ideator.page.superadmin.SuperAdminLoginPage.isCommunitySwitcherExist(SuperAdminLoginPage.java:62)
	at com.test.SuperAdminTest.CommunitySwitcher(SuperAdminTest.java:51)
	at com.test.SuperAdminTest.beforeMethod(SuperAdminTest.java:42)
	at com.test.Ideator_Start.testNgRun(Ideator_Start.java:43)
	at com.test.Ideator_Start.main(Ideator_Start.java:104)
... Removed 23 stack frames]]>
    </failure>
  </testcase> <!-- @BeforeMethod beforeMethod -->
  <testcase name="@AfterMethod afterMethod" time="0.0" classname="com.test.SuperAdminTest">
    <skipped/>
  </testcase> <!-- @AfterMethod afterMethod -->
  <testcase name="@BeforeMethod beforeMethod" time="0.0" classname="com.test.SuperAdminTest">
    <skipped/>
  </testcase> <!-- @BeforeMethod beforeMethod -->
  <testcase name="@AfterMethod afterMethod" time="0.0" classname="com.test.SuperAdminTest">
    <skipped/>
  </testcase> <!-- @AfterMethod afterMethod -->
  <testcase name="@AfterClass afterClass" time="0.0" classname="com.test.SuperAdminTest">
    <skipped/>
  </testcase> <!-- @AfterClass afterClass -->
  <testcase name="simpleProfile" time="0.0" classname="com.test.SuperAdminTest">
    <skipped/>
  </testcase> <!-- simpleProfile -->
  <testcase name="detailedProfile" time="0.0" classname="com.test.SuperAdminTest">
    <skipped/>
  </testcase> <!-- detailedProfile -->
</testsuite> <!-- Tests [simpleProfile, detailedProfile] -->
