<?xml version="1.0" encoding="UTF-8"?>
<testng-results skipped="0" failed="0" total="1" passed="1">
  <reporter-output>
  </reporter-output>
  <suite name="The ideator Suite" duration-ms="71221" started-at="2017-02-15T13:59:26Z" finished-at="2017-02-15T14:00:37Z">
    <groups>
    </groups>
    <test name="Tests [createNewIdea, editNewIdea, publicTAbFunctionality, likeIdeaFunctionality, searchIdeaFunctionality, sortIdeaFunctionality, editMyProfile, searchPeopleFunctionality, checkIdeaList, postDiscussion, commentOnDiscussion, clickonProfilePic, deleteDiscussion, add_delete_UserIntoIdea, deleteIdea, signOut, clickPrivateMessage]" duration-ms="71221" started-at="2017-02-15T13:59:26Z" finished-at="2017-02-15T14:00:37Z">
      <class name="com.test.PublicUser">
        <test-method status="PASS" signature="beforeSuite()[pri:0, instance:com.test.PublicUser@d35dea7]" name="beforeSuite" is-config="true" duration-ms="279" started-at="2017-02-15T19:29:25Z" finished-at="2017-02-15T19:29:26Z">
          <reporter-output>
          </reporter-output>
        </test-method> <!-- beforeSuite -->
        <test-method status="PASS" signature="beforeClass()[pri:0, instance:com.test.PublicUser@d35dea7]" name="beforeClass" is-config="true" duration-ms="35430" started-at="2017-02-15T19:29:26Z" finished-at="2017-02-15T19:30:01Z">
          <reporter-output>
          </reporter-output>
        </test-method> <!-- beforeClass -->
        <test-method status="PASS" signature="beforeMethod()[pri:0, instance:com.test.PublicUser@d35dea7]" name="beforeMethod" is-config="true" duration-ms="21161" started-at="2017-02-15T19:30:01Z" finished-at="2017-02-15T19:30:22Z">
          <reporter-output>
          </reporter-output>
        </test-method> <!-- beforeMethod -->
        <test-method status="PASS" signature="checkCommunitySwitcher()[pri:0, instance:com.test.PublicUser@d35dea7]" name="checkCommunitySwitcher" duration-ms="11278" started-at="2017-02-15T19:30:22Z" finished-at="2017-02-15T19:30:33Z">
          <reporter-output>
          </reporter-output>
        </test-method> <!-- checkCommunitySwitcher -->
        <test-method status="PASS" signature="afterMethod(org.testng.ITestResult)[pri:0, instance:com.test.PublicUser@d35dea7]" name="afterMethod" is-config="true" duration-ms="532" started-at="2017-02-15T19:30:33Z" finished-at="2017-02-15T19:30:34Z">
          <params>
            <param index="0">
              <value>
                <![CDATA[[TestResult name=checkCommunitySwitcher status=SUCCESS method=PublicUser.checkCommunitySwitcher()[pri:0, instance:com.test.PublicUser@d35dea7] output={null}]]]>
              </value>
            </param>
          </params>
          <reporter-output>
          </reporter-output>
        </test-method> <!-- afterMethod -->
        <test-method status="PASS" signature="afterClass()[pri:0, instance:com.test.PublicUser@d35dea7]" name="afterClass" is-config="true" duration-ms="2798" started-at="2017-02-15T19:30:34Z" finished-at="2017-02-15T19:30:37Z">
          <reporter-output>
          </reporter-output>
        </test-method> <!-- afterClass -->
        <test-method status="PASS" signature="afterSuite()[pri:0, instance:com.test.PublicUser@d35dea7]" name="afterSuite" is-config="true" duration-ms="345" started-at="2017-02-15T19:30:37Z" finished-at="2017-02-15T19:30:37Z">
          <reporter-output>
          </reporter-output>
        </test-method> <!-- afterSuite -->
      </class> <!-- com.test.PublicUser -->
    </test> <!-- Tests [createNewIdea, editNewIdea, publicTAbFunctionality, likeIdeaFunctionality, searchIdeaFunctionality, sortIdeaFunctionality, editMyProfile, searchPeopleFunctionality, checkIdeaList, postDiscussion, commentOnDiscussion, clickonProfilePic, deleteDiscussion, add_delete_UserIntoIdea, deleteIdea, signOut, clickPrivateMessage] -->
  </suite> <!-- The ideator Suite -->
</testng-results>
